<testsuites id="" name="" tests="20" failures="4" skipped="16" errors="0" time="1.833565">
<testsuite name="doctor-login-videocall-flow.spec.ts" timestamp="2025-10-05T06:22:33.189Z" hostname="doctor-videocall-chrome" tests="5" failures="1" skipped="4" time="0" errors="0">
<testcase name="ðŸ§  Doctor Login + Videollamada - Flujo Completo â€º Flujo mÃ©dico completo: Login â†’ Perfil â†’ Videollamada â†’ WebRTC â†’ Cierre" classname="doctor-login-videocall-flow.spec.ts" time="0">
<failure message="doctor-login-videocall-flow.spec.ts:593:7 Flujo mÃ©dico completo: Login â†’ Perfil â†’ Videollamada â†’ WebRTC â†’ Cierre" type="FAILURE">
<![CDATA[  [doctor-videocall-chrome] â€º doctor-login-videocall-flow.spec.ts:593:7 â€º ðŸ§  Doctor Login + Videollamada - Flujo Completo â€º Flujo mÃ©dico completo: Login â†’ Perfil â†’ Videollamada â†’ WebRTC â†’ Cierre 

    Error: worker process exited unexpectedly (code=0, signal=null)

    Retry #1 â”€â”€â”€â”€â”€â”€â”€â”€â”€â”€â”€â”€â”€â”€â”€â”€â”€â”€â”€â”€â”€â”€â”€â”€â”€â”€â”€â”€â”€â”€â”€â”€â”€â”€â”€â”€â”€â”€â”€â”€â”€â”€â”€â”€â”€â”€â”€â”€â”€â”€â”€â”€â”€â”€â”€â”€â”€â”€â”€â”€â”€â”€â”€â”€â”€â”€â”€â”€â”€â”€â”€â”€â”€â”€â”€â”€â”€â”€â”€â”€â”€â”€â”€â”€â”€â”€â”€

    Error: worker process exited unexpectedly (code=0, signal=null)
]]>
</failure>
</testcase>
<testcase name="ðŸ§  Doctor Login + Videollamada - Flujo Completo â€º ValidaciÃ³n de autenticaciÃ³n con credenciales especÃ­ficas" classname="doctor-login-videocall-flow.spec.ts" time="0">
<skipped>
</skipped>
</testcase>
<testcase name="ðŸ§  Doctor Login + Videollamada - Flujo Completo â€º VerificaciÃ³n de token JWT y rol en localStorage" classname="doctor-login-videocall-flow.spec.ts" time="0">
<skipped>
</skipped>
</testcase>
<testcase name="ðŸ§  Doctor Login + Videollamada - Flujo Completo â€º VerificaciÃ³n de conexiÃ³n WebRTC y elementos de video" classname="doctor-login-videocall-flow.spec.ts" time="0">
<skipped>
</skipped>
</testcase>
<testcase name="ðŸ§  Doctor Login + Videollamada - Flujo Completo â€º SimulaciÃ³n de llamada entre doctor y paciente" classname="doctor-login-videocall-flow.spec.ts" time="0">
<skipped>
</skipped>
</testcase>
</testsuite>
<testsuite name="doctor-login-videocall-flow.spec.ts" timestamp="2025-10-05T06:22:33.189Z" hostname="doctor-videocall-firefox" tests="5" failures="1" skipped="4" time="0" errors="0">
<testcase name="ðŸ§  Doctor Login + Videollamada - Flujo Completo â€º Flujo mÃ©dico completo: Login â†’ Perfil â†’ Videollamada â†’ WebRTC â†’ Cierre" classname="doctor-login-videocall-flow.spec.ts" time="0">
<failure message="doctor-login-videocall-flow.spec.ts:593:7 Flujo mÃ©dico completo: Login â†’ Perfil â†’ Videollamada â†’ WebRTC â†’ Cierre" type="FAILURE">
<![CDATA[  [doctor-videocall-firefox] â€º doctor-login-videocall-flow.spec.ts:593:7 â€º ðŸ§  Doctor Login + Videollamada - Flujo Completo â€º Flujo mÃ©dico completo: Login â†’ Perfil â†’ Videollamada â†’ WebRTC â†’ Cierre 

    Error: worker process exited unexpectedly (code=0, signal=null)

    Retry #1 â”€â”€â”€â”€â”€â”€â”€â”€â”€â”€â”€â”€â”€â”€â”€â”€â”€â”€â”€â”€â”€â”€â”€â”€â”€â”€â”€â”€â”€â”€â”€â”€â”€â”€â”€â”€â”€â”€â”€â”€â”€â”€â”€â”€â”€â”€â”€â”€â”€â”€â”€â”€â”€â”€â”€â”€â”€â”€â”€â”€â”€â”€â”€â”€â”€â”€â”€â”€â”€â”€â”€â”€â”€â”€â”€â”€â”€â”€â”€â”€â”€â”€â”€â”€â”€â”€â”€

    Error: worker process exited unexpectedly (code=0, signal=null)
]]>
</failure>
</testcase>
<testcase name="ðŸ§  Doctor Login + Videollamada - Flujo Completo â€º ValidaciÃ³n de autenticaciÃ³n con credenciales especÃ­ficas" classname="doctor-login-videocall-flow.spec.ts" time="0">
<skipped>
</skipped>
</testcase>
<testcase name="ðŸ§  Doctor Login + Videollamada - Flujo Completo â€º VerificaciÃ³n de token JWT y rol en localStorage" classname="doctor-login-videocall-flow.spec.ts" time="0">
<skipped>
</skipped>
</testcase>
<testcase name="ðŸ§  Doctor Login + Videollamada - Flujo Completo â€º VerificaciÃ³n de conexiÃ³n WebRTC y elementos de video" classname="doctor-login-videocall-flow.spec.ts" time="0">
<skipped>
</skipped>
</testcase>
<testcase name="ðŸ§  Doctor Login + Videollamada - Flujo Completo â€º SimulaciÃ³n de llamada entre doctor y paciente" classname="doctor-login-videocall-flow.spec.ts" time="0">
<skipped>
</skipped>
</testcase>
</testsuite>
<testsuite name="doctor-login-videocall-flow.spec.ts" timestamp="2025-10-05T06:22:33.189Z" hostname="doctor-videocall-safari" tests="5" failures="1" skipped="4" time="0" errors="0">
<testcase name="ðŸ§  Doctor Login + Videollamada - Flujo Completo â€º Flujo mÃ©dico completo: Login â†’ Perfil â†’ Videollamada â†’ WebRTC â†’ Cierre" classname="doctor-login-videocall-flow.spec.ts" time="0">
<failure message="doctor-login-videocall-flow.spec.ts:593:7 Flujo mÃ©dico completo: Login â†’ Perfil â†’ Videollamada â†’ WebRTC â†’ Cierre" type="FAILURE">
<![CDATA[  [doctor-videocall-safari] â€º doctor-login-videocall-flow.spec.ts:593:7 â€º ðŸ§  Doctor Login + Videollamada - Flujo Completo â€º Flujo mÃ©dico completo: Login â†’ Perfil â†’ Videollamada â†’ WebRTC â†’ Cierre 

    Error: worker process exited unexpectedly (code=0, signal=null)

    Retry #1 â”€â”€â”€â”€â”€â”€â”€â”€â”€â”€â”€â”€â”€â”€â”€â”€â”€â”€â”€â”€â”€â”€â”€â”€â”€â”€â”€â”€â”€â”€â”€â”€â”€â”€â”€â”€â”€â”€â”€â”€â”€â”€â”€â”€â”€â”€â”€â”€â”€â”€â”€â”€â”€â”€â”€â”€â”€â”€â”€â”€â”€â”€â”€â”€â”€â”€â”€â”€â”€â”€â”€â”€â”€â”€â”€â”€â”€â”€â”€â”€â”€â”€â”€â”€â”€â”€â”€

    Error: worker process exited unexpectedly (code=0, signal=null)
]]>
</failure>
</testcase>
<testcase name="ðŸ§  Doctor Login + Videollamada - Flujo Completo â€º ValidaciÃ³n de autenticaciÃ³n con credenciales especÃ­ficas" classname="doctor-login-videocall-flow.spec.ts" time="0">
<skipped>
</skipped>
</testcase>
<testcase name="ðŸ§  Doctor Login + Videollamada - Flujo Completo â€º VerificaciÃ³n de token JWT y rol en localStorage" classname="doctor-login-videocall-flow.spec.ts" time="0">
<skipped>
</skipped>
</testcase>
<testcase name="ðŸ§  Doctor Login + Videollamada - Flujo Completo â€º VerificaciÃ³n de conexiÃ³n WebRTC y elementos de video" classname="doctor-login-videocall-flow.spec.ts" time="0">
<skipped>
</skipped>
</testcase>
<testcase name="ðŸ§  Doctor Login + Videollamada - Flujo Completo â€º SimulaciÃ³n de llamada entre doctor y paciente" classname="doctor-login-videocall-flow.spec.ts" time="0">
<skipped>
</skipped>
</testcase>
</testsuite>
<testsuite name="doctor-login-videocall-flow.spec.ts" timestamp="2025-10-05T06:22:33.189Z" hostname="doctor-videocall-mobile" tests="5" failures="1" skipped="4" time="0" errors="0">
<testcase name="ðŸ§  Doctor Login + Videollamada - Flujo Completo â€º Flujo mÃ©dico completo: Login â†’ Perfil â†’ Videollamada â†’ WebRTC â†’ Cierre" classname="doctor-login-videocall-flow.spec.ts" time="0">
<failure message="doctor-login-videocall-flow.spec.ts:593:7 Flujo mÃ©dico completo: Login â†’ Perfil â†’ Videollamada â†’ WebRTC â†’ Cierre" type="FAILURE">
<![CDATA[  [doctor-videocall-mobile] â€º doctor-login-videocall-flow.spec.ts:593:7 â€º ðŸ§  Doctor Login + Videollamada - Flujo Completo â€º Flujo mÃ©dico completo: Login â†’ Perfil â†’ Videollamada â†’ WebRTC â†’ Cierre 

    Error: worker process exited unexpectedly (code=0, signal=null)

    Retry #1 â”€â”€â”€â”€â”€â”€â”€â”€â”€â”€â”€â”€â”€â”€â”€â”€â”€â”€â”€â”€â”€â”€â”€â”€â”€â”€â”€â”€â”€â”€â”€â”€â”€â”€â”€â”€â”€â”€â”€â”€â”€â”€â”€â”€â”€â”€â”€â”€â”€â”€â”€â”€â”€â”€â”€â”€â”€â”€â”€â”€â”€â”€â”€â”€â”€â”€â”€â”€â”€â”€â”€â”€â”€â”€â”€â”€â”€â”€â”€â”€â”€â”€â”€â”€â”€â”€â”€

    Error: worker process exited unexpectedly (code=0, signal=null)
]]>
</failure>
</testcase>
<testcase name="ðŸ§  Doctor Login + Videollamada - Flujo Completo â€º ValidaciÃ³n de autenticaciÃ³n con credenciales especÃ­ficas" classname="doctor-login-videocall-flow.spec.ts" time="0">
<skipped>
</skipped>
</testcase>
<testcase name="ðŸ§  Doctor Login + Videollamada - Flujo Completo â€º VerificaciÃ³n de token JWT y rol en localStorage" classname="doctor-login-videocall-flow.spec.ts" time="0">
<skipped>
</skipped>
</testcase>
<testcase name="ðŸ§  Doctor Login + Videollamada - Flujo Completo â€º VerificaciÃ³n de conexiÃ³n WebRTC y elementos de video" classname="doctor-login-videocall-flow.spec.ts" time="0">
<skipped>
</skipped>
</testcase>
<testcase name="ðŸ§  Doctor Login + Videollamada - Flujo Completo â€º SimulaciÃ³n de llamada entre doctor y paciente" classname="doctor-login-videocall-flow.spec.ts" time="0">
<skipped>
</skipped>
</testcase>
</testsuite>
</testsuites>